<?xml version="1.0" encoding="UTF-8"?>
<testng-results skipped="0" failed="0" ignored="0" total="1" passed="1">
  <reporter-output>
  </reporter-output>
  <suite name="Data Driven Basic" duration-ms="4236" started-at="2018-10-21T05:34:28Z" finished-at="2018-10-21T05:34:32Z">
    <groups>
    </groups>
    <test name="Open Account" duration-ms="4236" started-at="2018-10-21T05:34:28Z" finished-at="2018-10-21T05:34:32Z">
      <class name="com.w2a.testcases.LoginTest">
        <test-method status="PASS" signature="login()[pri:0, instance:com.w2a.testcases.LoginTest@a14b55]" name="login" duration-ms="3351" started-at="2018-10-21T11:04:28Z" finished-at="2018-10-21T11:04:31Z">
          <reporter-output>
          </reporter-output>
        </test-method> <!-- login -->
      </class> <!-- com.w2a.testcases.LoginTest -->
    </test> <!-- Open Account -->
  </suite> <!-- Data Driven Basic -->
</testng-results>
